\BOOKMARK [0][-]{chapter.1}{Background \046 Review}{}% 1
\BOOKMARK [1][-]{section.1.1}{Important Shapes in 2D \046 3D}{chapter.1}% 2
\BOOKMARK [1][-]{section.1.2}{Vectors}{chapter.1}% 3
\BOOKMARK [2][-]{section*.2}{Dot Products}{section.1.2}% 4
\BOOKMARK [2][-]{section*.3}{Cross Products}{section.1.2}% 5
\BOOKMARK [0][-]{chapter.2}{Vector-Valued Functions \(VVFs\)}{}% 6
\BOOKMARK [1][-]{section.2.1}{Lines \046 Planes as VVFs}{chapter.2}% 7
\BOOKMARK [2][-]{section*.4}{Lines}{section.2.1}% 8
\BOOKMARK [2][-]{section*.5}{Planes}{section.2.1}% 9
\BOOKMARK [1][-]{section.2.2}{Common Vector-Valued Functions}{chapter.2}% 10
\BOOKMARK [2][-]{section*.6}{Circles}{section.2.2}% 11
\BOOKMARK [2][-]{section*.7}{Helices}{section.2.2}% 12
\BOOKMARK [1][-]{section.2.3}{Derivatives of VVFs}{chapter.2}% 13
\BOOKMARK [1][-]{section.2.4}{Integrals of VVFs}{chapter.2}% 14
\BOOKMARK [1][-]{section.2.5}{Reparameterization \046 Arc Length}{chapter.2}% 15
\BOOKMARK [1][-]{section.2.6}{TNB Frame \046 Osculating Plane/Circle}{chapter.2}% 16
\BOOKMARK [2][-]{section*.8}{T-Hat \(\)}{section.2.6}% 17
\BOOKMARK [2][-]{section*.9}{Curvature}{section.2.6}% 18
\BOOKMARK [2][-]{section*.10}{N-Hat \(\)}{section.2.6}% 19
\BOOKMARK [2][-]{section*.11}{Osculating Plane/Circle \046 B-Hat \(\)}{section.2.6}% 20
\BOOKMARK [0][-]{chapter.3}{Differential Multivariable Calculus}{}% 21
\BOOKMARK [1][-]{section.3.1}{Multivariable Functions}{chapter.3}% 22
\BOOKMARK [1][-]{section.3.2}{Level Curves}{chapter.3}% 23
\BOOKMARK [1][-]{section.3.3}{Quadric Surfaces}{chapter.3}% 24
\BOOKMARK [2][-]{section*.12}{Paraboloids}{section.3.3}% 25
\BOOKMARK [2][-]{section*.13}{Hyperboloids}{section.3.3}% 26
\BOOKMARK [3][-]{section*.14}{Hyperboloids of One Sheet}{section*.13}% 27
\BOOKMARK [3][-]{section*.15}{Hyperboloids of Two Sheets}{section*.13}% 28
\BOOKMARK [3][-]{section*.16}{Cone}{section*.13}% 29
\BOOKMARK [2][-]{section*.17}{Hyperbolic Paraboloids}{section.3.3}% 30
\BOOKMARK [2][-]{section*.18}{Ellipsoids}{section.3.3}% 31
\BOOKMARK [2][-]{section*.19}{3D Cylinders}{section.3.3}% 32
\BOOKMARK [3][-]{section*.20}{Circular Cylinders}{section*.19}% 33
\BOOKMARK [3][-]{section*.21}{Parabolic Cylinders}{section*.19}% 34
\BOOKMARK [1][-]{section.3.4}{Parameterized Surfaces}{chapter.3}% 35
\BOOKMARK [1][-]{section.3.5}{Limits \046 Continuity in 3D}{chapter.3}% 36
\BOOKMARK [2][-]{section*.22}{Open Delta Neighborhoods}{section.3.5}% 37
\BOOKMARK [2][-]{section*.23}{Boundary Points, Open \046 Closed Sets}{section.3.5}% 38
\BOOKMARK [2][-]{section*.24}{Limit \046 Continuity Definitions}{section.3.5}% 39
\BOOKMARK [1][-]{section.3.6}{Partial Derivatives}{chapter.3}% 40
\BOOKMARK [2][-]{section*.25}{Partial Derivatives of X, Y, and Z}{section.3.6}% 41
\BOOKMARK [2][-]{section*.26}{Tangent Planes}{section.3.6}% 42
\BOOKMARK [2][-]{section*.27}{Linear Approximations}{section.3.6}% 43
\BOOKMARK [1][-]{section.3.7}{The Gradient}{chapter.3}% 44
\BOOKMARK [2][-]{section*.28}{Gradient Properties}{section.3.7}% 45
\BOOKMARK [2][-]{section*.29}{Linear Approximations with the Gradient}{section.3.7}% 46
\BOOKMARK [2][-]{section*.30}{The Gradient \046 C-Level Curves}{section.3.7}% 47
\BOOKMARK [1][-]{section.3.8}{Directional Derivatives}{chapter.3}% 48
\BOOKMARK [1][-]{section.3.9}{Optimization}{chapter.3}% 49
\BOOKMARK [2][-]{section*.31}{Definitions}{section.3.9}% 50
\BOOKMARK [2][-]{section*.32}{Critical Points}{section.3.9}% 51
\BOOKMARK [3][-]{section*.33}{Second Derivative Test \046 Hessian Matrix}{section*.32}% 52
\BOOKMARK [2][-]{section*.34}{Gradient Descent}{section.3.9}% 53
\BOOKMARK [2][-]{section*.35}{Lagrange Multipliers}{section.3.9}% 54
\BOOKMARK [3][-]{section*.36}{Toy Example}{section*.35}% 55
\BOOKMARK [3][-]{section*.37}{Method of Lagrange Multipliers}{section*.35}% 56
\BOOKMARK [0][-]{chapter.4}{Multiple Integrals}{}% 57
\BOOKMARK [1][-]{section.4.1}{Double Integrals}{chapter.4}% 58
\BOOKMARK [2][-]{section*.38}{Fubini's Theorem \046 Domain Regions}{section.4.1}% 59
\BOOKMARK [2][-]{section*.39}{Average Values}{section.4.1}% 60
\BOOKMARK [3][-]{section*.40}{Mean Value Theorem}{section*.39}% 61
\BOOKMARK [2][-]{section*.41}{Volume Between Surfaces}{section.4.1}% 62
\BOOKMARK [2][-]{section*.42}{Plane Laminas}{section.4.1}% 63
\BOOKMARK [1][-]{section.4.2}{Triple Integrals}{chapter.4}% 64
\BOOKMARK [2][-]{section*.43}{Fubini's Theorem for Z-simple Regions}{section.4.2}% 65
\BOOKMARK [2][-]{section*.44}{Laminas}{section.4.2}% 66
\BOOKMARK [0][-]{chapter.5}{Curvilinear Coordinates}{}% 67
\BOOKMARK [1][-]{section.5.1}{Review of Polar Coordinates}{chapter.5}% 68
\BOOKMARK [2][-]{section*.45}{Circles}{section.5.1}% 69
\BOOKMARK [2][-]{section*.46}{Lines}{section.5.1}% 70
\BOOKMARK [2][-]{section*.47}{Integration}{section.5.1}% 71
\BOOKMARK [3][-]{section*.48}{Gaussian Integral}{section*.47}% 72
\BOOKMARK [1][-]{section.5.2}{Cylindrical Coordinates}{chapter.5}% 73
\BOOKMARK [2][-]{section*.49}{Conversions}{section.5.2}% 74
\BOOKMARK [2][-]{section*.50}{Integration}{section.5.2}% 75
\BOOKMARK [1][-]{section.5.3}{Spherical Coordinates}{chapter.5}% 76
\BOOKMARK [2][-]{section*.51}{Conversions}{section.5.3}% 77
\BOOKMARK [2][-]{section*.52}{Integration}{section.5.3}% 78
\BOOKMARK [3][-]{section*.53}{Sphere Volume}{section*.52}% 79
\BOOKMARK [0][-]{chapter.6}{Line \046 Surface Integrals}{}% 80
\BOOKMARK [1][-]{section.6.1}{Vector Fields}{chapter.6}% 81
\BOOKMARK [1][-]{section.6.2}{Line Integrals}{chapter.6}% 82
\BOOKMARK [2][-]{section*.54}{Line Integrals of Scalar Functions}{section.6.2}% 83
\BOOKMARK [2][-]{section*.55}{Line Integrals of Vector Fields}{section.6.2}% 84
\BOOKMARK [3][-]{section*.56}{Direction Matters}{section*.55}% 85
\BOOKMARK [3][-]{section*.57}{Circulations}{section*.55}% 86
\BOOKMARK [2][-]{section*.58}{Conservative Vector Fields}{section.6.2}% 87
\BOOKMARK [2][-]{section*.59}{FTC for Line Integrals}{section.6.2}% 88
\BOOKMARK [3][-]{section*.60}{Potential Functions}{section*.59}% 89
\BOOKMARK [2][-]{section*.61}{Test for a Conservative Vector Field}{section.6.2}% 90
\BOOKMARK [1][-]{section.6.3}{Surface Integrals}{chapter.6}% 91
\BOOKMARK [2][-]{section*.62}{Surface Integrals of Scalar Functions}{section.6.3}% 92
\BOOKMARK [2][-]{section*.63}{Surface Integrals of Vector Fields}{section.6.3}% 93
\BOOKMARK [3][-]{section*.64}{Flux}{section*.63}% 94
\BOOKMARK [0][-]{chapter.7}{Vector Analysis}{}% 95
\BOOKMARK [1][-]{section.7.1}{Integral Curves}{chapter.7}% 96
\BOOKMARK [1][-]{section.7.2}{Divergence \046 Curl}{chapter.7}% 97
\BOOKMARK [2][-]{section*.65}{Divergence}{section.7.2}% 98
\BOOKMARK [3][-]{section*.66}{The Laplacian}{section*.65}% 99
\BOOKMARK [2][-]{section*.67}{Curl}{section.7.2}% 100
\BOOKMARK [3][-]{section*.68}{Curl \046 Conservative Vector Fields}{section*.67}% 101
\BOOKMARK [3][-]{section*.69}{Divergence of Curl}{section*.67}% 102
\BOOKMARK [1][-]{section.7.3}{Green's Theorems}{chapter.7}% 103
\BOOKMARK [2][-]{section*.70}{Green's Theorem for Circulation}{section.7.3}% 104
\BOOKMARK [3][-]{section*.71}{Area of a Closed Region}{section*.70}% 105
\BOOKMARK [2][-]{section*.72}{Green's Theorem for Flux}{section.7.3}% 106
\BOOKMARK [1][-]{section.7.4}{Divergence Theorem}{chapter.7}% 107
\BOOKMARK [2][-]{section*.73}{Gauss's Laws}{section.7.4}% 108
\BOOKMARK [3][-]{section*.74}{Electric Fields}{section*.73}% 109
\BOOKMARK [3][-]{section*.75}{Magnetic Fields}{section*.73}% 110
\BOOKMARK [1][-]{section.7.5}{Stokes's Theorem}{chapter.7}% 111
\BOOKMARK [2][-]{section*.76}{Faraday's Law of Induction \046 Ampere's Law}{section.7.5}% 112
\BOOKMARK [0][-]{chapter.8}{Additional Materials}{}% 113
\BOOKMARK [1][-]{section.8.1}{Line Integral Flowchart}{chapter.8}% 114
\BOOKMARK [1][-]{section.8.2}{Surface Integral Flowchart}{chapter.8}% 115
\BOOKMARK [1][-]{section.8.3}{Worked Test Questions}{chapter.8}% 116
\BOOKMARK [2][-]{section*.77}{Test 1}{section.8.3}% 117
\BOOKMARK [2][-]{section*.78}{Test 2}{section.8.3}% 118
\BOOKMARK [2][-]{section*.79}{Test 3}{section.8.3}% 119
\BOOKMARK [2][-]{section*.80}{Test 4}{section.8.3}% 120
\BOOKMARK [1][-]{section.8.4}{Online Resources}{chapter.8}% 121
